Using device: cpu
Model type: polar2
Using 16 worker processes for game simulation
Batch size: 32 games per training update
Entropy coefficient: 0.0
Creating persistent worker pool...
0/60000 -> NEW BEST avg_score:3.57 | sim:0.21s
0/60000 -> avg_score:3.57, max:3.57, loss:-0.0013 | sim:0.21s, train:0.01s | elapsed:00:00:00, total:03:44:07, remaining:03:44:07
2/60000 -> NEW BEST avg_score:3.59 | sim:0.14s
5/60000 -> NEW BEST avg_score:3.94 | sim:0.19s
6/60000 -> NEW BEST avg_score:4.78 | sim:0.18s
16/60000 -> NEW BEST avg_score:4.82 | sim:0.15s
20/60000 -> NEW BEST avg_score:5.00 | sim:0.28s
25/60000 -> NEW BEST avg_score:5.42 | sim:0.24s
27/60000 -> NEW BEST avg_score:5.57 | sim:0.20s
30/60000 -> NEW BEST avg_score:6.46 | sim:0.35s
35/60000 -> NEW BEST avg_score:6.69 | sim:0.21s
161/60000 -> NEW BEST avg_score:7.72 | sim:0.22s
173/60000 -> NEW BEST avg_score:8.85 | sim:0.47s
219/60000 -> NEW BEST avg_score:8.99 | sim:0.25s
262/60000 -> NEW BEST avg_score:9.11 | sim:0.25s
419/60000 -> NEW BEST avg_score:10.48 | sim:0.26s
420/60000 -> NEW BEST avg_score:10.98 | sim:0.24s
489/60000 -> NEW BEST avg_score:11.56 | sim:0.34s
500/60000 -> avg_score:7.96, max:11.56, loss:-0.0025 | sim:0.17s, train:0.01s | elapsed:00:01:49, total:03:38:19, remaining:03:36:29
680/60000 -> NEW BEST avg_score:12.00 | sim:0.38s
691/60000 -> NEW BEST avg_score:13.79 | sim:0.45s
739/60000 -> NEW BEST avg_score:14.44 | sim:0.56s
858/60000 -> NEW BEST avg_score:14.93 | sim:0.43s
996/60000 -> NEW BEST avg_score:16.08 | sim:0.44s
1000/60000 -> avg_score:6.89, max:16.08, loss:0.0097 | sim:0.13s, train:0.01s | elapsed:00:04:04, total:04:03:58, remaining:03:59:53
1500/60000 -> avg_score:10.27, max:16.08, loss:-0.0112 | sim:0.30s, train:0.01s | elapsed:00:06:22, total:04:15:02, remaining:04:08:39
1570/60000 -> NEW BEST avg_score:17.44 | sim:0.43s
2000/60000 -> avg_score:7.16, max:17.44, loss:-0.0062 | sim:0.16s, train:0.01s | elapsed:00:08:46, total:04:23:17, remaining:04:14:30
2500/60000 -> avg_score:7.80, max:17.44, loss:0.0054 | sim:0.22s, train:0.01s | elapsed:00:11:13, total:04:29:12, remaining:04:17:59
3000/60000 -> avg_score:11.04, max:17.44, loss:-0.0442 | sim:0.37s, train:0.01s | elapsed:00:13:39, total:04:33:06, remaining:04:19:26
3500/60000 -> avg_score:10.25, max:17.44, loss:-0.0278 | sim:0.39s, train:0.01s | elapsed:00:16:08, total:04:36:34, remaining:04:20:26
4000/60000 -> avg_score:9.28, max:17.44, loss:-0.0299 | sim:0.25s, train:0.01s | elapsed:00:18:33, total:04:38:23, remaining:04:19:50
4500/60000 -> avg_score:8.61, max:17.44, loss:-0.0766 | sim:0.24s, train:0.01s | elapsed:00:21:00, total:04:39:56, remaining:04:18:56
5000/60000 -> avg_score:10.04, max:17.44, loss:-0.0526 | sim:0.39s, train:0.01s | elapsed:00:23:29, total:04:41:52, remaining:04:18:23
5500/60000 -> avg_score:10.95, max:17.44, loss:-0.0535 | sim:0.34s, train:0.01s | elapsed:00:26:04, total:04:44:25, remaining:04:18:20
5654/60000 -> NEW BEST avg_score:18.26 | sim:0.46s
6000/60000 -> avg_score:9.70, max:18.26, loss:-0.0445 | sim:0.26s, train:0.01s | elapsed:00:28:40, total:04:46:44, remaining:04:18:03
6464/60000 -> NEW BEST avg_score:19.22 | sim:0.66s
6500/60000 -> avg_score:10.74, max:19.22, loss:-0.0331 | sim:0.26s, train:0.01s | elapsed:00:31:17, total:04:48:50, remaining:04:17:32
7000/60000 -> avg_score:7.68, max:19.22, loss:0.0037 | sim:0.13s, train:0.01s | elapsed:00:33:51, total:04:50:14, remaining:04:16:22
7500/60000 -> avg_score:10.62, max:19.22, loss:-0.0737 | sim:0.32s, train:0.01s | elapsed:00:36:31, total:04:52:09, remaining:04:15:37
7566/60000 -> NEW BEST avg_score:23.66 | sim:0.49s
8000/60000 -> avg_score:12.87, max:23.66, loss:-0.0474 | sim:0.28s, train:0.01s | elapsed:00:39:11, total:04:53:52, remaining:04:14:40
8500/60000 -> avg_score:11.09, max:23.66, loss:-0.0258 | sim:0.26s, train:0.01s | elapsed:00:41:54, total:04:55:45, remaining:04:13:51
9000/60000 -> avg_score:13.41, max:23.66, loss:-0.0357 | sim:0.46s, train:0.02s | elapsed:00:44:42, total:04:58:02, remaining:04:13:20
9500/60000 -> avg_score:13.74, max:23.66, loss:-0.0720 | sim:0.60s, train:0.02s | elapsed:00:47:37, total:05:00:43, remaining:04:13:06
10000/60000 -> avg_score:16.32, max:23.66, loss:-0.0412 | sim:0.28s, train:0.02s | elapsed:00:50:32, total:05:03:14, remaining:04:12:41
10500/60000 -> avg_score:19.70, max:23.66, loss:-0.0870 | sim:0.52s, train:0.02s | elapsed:00:53:38, total:05:06:30, remaining:04:12:51
10504/60000 -> NEW BEST avg_score:29.83 | sim:0.49s
11000/60000 -> avg_score:19.86, max:29.83, loss:-0.0296 | sim:0.36s, train:0.02s | elapsed:00:56:50, total:05:10:01, remaining:04:13:11
11500/60000 -> avg_score:23.89, max:29.83, loss:-0.0480 | sim:0.46s, train:0.02s | elapsed:01:00:12, total:05:14:04, remaining:04:13:52
11841/60000 -> NEW BEST avg_score:31.44 | sim:0.60s
12000/60000 -> avg_score:21.23, max:31.44, loss:-0.0286 | sim:0.37s, train:0.02s | elapsed:01:03:47, total:05:18:57, remaining:04:15:09
12277/60000 -> NEW BEST avg_score:31.66 | sim:0.66s
12472/60000 -> NEW BEST avg_score:33.77 | sim:0.62s
12500/60000 -> avg_score:23.59, max:33.77, loss:-0.0340 | sim:0.58s, train:0.02s | elapsed:01:07:33, total:05:24:14, remaining:04:16:41
12729/60000 -> NEW BEST avg_score:34.15 | sim:0.55s
13000/60000 -> avg_score:26.58, max:34.15, loss:-0.0364 | sim:0.43s, train:0.02s | elapsed:01:11:26, total:05:29:42, remaining:04:18:16
13339/60000 -> NEW BEST avg_score:35.48 | sim:0.62s
13396/60000 -> NEW BEST avg_score:39.86 | sim:0.56s
13500/60000 -> avg_score:21.09, max:39.86, loss:-0.0213 | sim:0.36s, train:0.02s | elapsed:01:15:23, total:05:35:04, remaining:04:19:40
14000/60000 -> avg_score:31.78, max:39.86, loss:-0.0319 | sim:0.80s, train:0.03s | elapsed:01:19:28, total:05:40:36, remaining:04:21:07
14500/60000 -> avg_score:30.45, max:39.86, loss:-0.0210 | sim:0.64s, train:0.03s | elapsed:01:23:32, total:05:45:41, remaining:04:22:08
14785/60000 -> NEW BEST avg_score:41.81 | sim:0.63s
15000/60000 -> avg_score:23.74, max:41.81, loss:-0.0146 | sim:0.39s, train:0.02s | elapsed:01:27:46, total:05:51:05, remaining:04:23:19
15200/60000 -> NEW BEST avg_score:42.73 | sim:0.60s
15315/60000 -> NEW BEST avg_score:46.49 | sim:0.67s
15500/60000 -> avg_score:28.57, max:46.49, loss:-0.0170 | sim:0.37s, train:0.02s | elapsed:01:32:07, total:05:56:36, remaining:04:24:28
16000/60000 -> avg_score:25.44, max:46.49, loss:-0.0163 | sim:0.47s, train:0.02s | elapsed:01:36:23, total:06:01:27, remaining:04:25:04
16078/60000 -> NEW BEST avg_score:46.93 | sim:0.54s
16500/60000 -> avg_score:31.50, max:46.93, loss:-0.0233 | sim:0.50s, train:0.02s | elapsed:01:40:44, total:06:06:20, remaining:04:25:35
16631/60000 -> NEW BEST avg_score:47.50 | sim:0.66s
17000/60000 -> avg_score:33.06, max:47.50, loss:-0.0238 | sim:0.45s, train:0.03s | elapsed:01:45:08, total:06:11:04, remaining:04:25:56
17139/60000 -> NEW BEST avg_score:48.43 | sim:0.68s
17396/60000 -> NEW BEST avg_score:60.36 | sim:0.82s
17500/60000 -> avg_score:26.33, max:60.36, loss:-0.0082 | sim:0.44s, train:0.02s | elapsed:01:49:28, total:06:15:20, remaining:04:25:51
18000/60000 -> avg_score:33.22, max:60.36, loss:-0.0106 | sim:0.52s, train:0.02s | elapsed:01:53:55, total:06:19:43, remaining:04:25:48
18500/60000 -> avg_score:31.68, max:60.36, loss:-0.0217 | sim:0.59s, train:0.02s | elapsed:01:58:14, total:06:23:27, remaining:04:25:13
19000/60000 -> avg_score:33.45, max:60.36, loss:-0.0216 | sim:0.54s, train:0.03s | elapsed:02:02:42, total:06:27:28, remaining:04:24:45
19500/60000 -> avg_score:37.67, max:60.36, loss:-0.0255 | sim:0.52s, train:0.03s | elapsed:02:07:16, total:06:31:35, remaining:04:24:18
20000/60000 -> avg_score:30.28, max:60.36, loss:-0.0401 | sim:0.43s, train:0.03s | elapsed:02:11:51, total:06:35:33, remaining:04:23:41
20500/60000 -> avg_score:33.57, max:60.36, loss:-0.0507 | sim:0.52s, train:0.03s | elapsed:02:16:28, total:06:39:26, remaining:04:22:57
21000/60000 -> avg_score:30.37, max:60.36, loss:-0.0377 | sim:0.57s, train:0.03s | elapsed:02:21:09, total:06:43:16, remaining:04:22:07
21500/60000 -> avg_score:33.61, max:60.36, loss:-0.0453 | sim:0.47s, train:0.03s | elapsed:02:25:50, total:06:46:58, remaining:04:21:08
22000/60000 -> avg_score:51.12, max:60.36, loss:-0.0337 | sim:0.73s, train:0.04s | elapsed:02:30:29, total:06:50:25, remaining:04:19:55
22500/60000 -> avg_score:41.16, max:60.36, loss:-0.0409 | sim:0.74s, train:0.04s | elapsed:02:35:06, total:06:53:37, remaining:04:18:30
23000/60000 -> avg_score:29.58, max:60.36, loss:-0.0441 | sim:0.54s, train:0.03s | elapsed:02:39:54, total:06:57:07, remaining:04:17:13
23500/60000 -> avg_score:37.18, max:60.36, loss:-0.0380 | sim:0.61s, train:0.03s | elapsed:02:44:35, total:07:00:12, remaining:04:15:37
24000/60000 -> avg_score:38.12, max:60.36, loss:-0.0450 | sim:0.51s, train:0.03s | elapsed:02:49:19, total:07:03:18, remaining:04:13:58
24500/60000 -> avg_score:39.70, max:60.36, loss:-0.0403 | sim:0.57s, train:0.03s | elapsed:02:54:02, total:07:06:12, remaining:04:12:09
25000/60000 -> avg_score:45.59, max:60.36, loss:-0.0411 | sim:0.65s, train:0.04s | elapsed:02:58:47, total:07:09:04, remaining:04:10:17
25500/60000 -> avg_score:45.68, max:60.36, loss:-0.0333 | sim:0.58s, train:0.04s | elapsed:03:03:27, total:07:11:37, remaining:04:08:10
26000/60000 -> avg_score:44.45, max:60.36, loss:-0.0504 | sim:0.61s, train:0.04s | elapsed:03:08:07, total:07:14:07, remaining:04:05:59
26219/60000 -> NEW BEST avg_score:62.34 | sim:0.73s
26500/60000 -> avg_score:45.60, max:62.34, loss:-0.0429 | sim:0.56s, train:0.04s | elapsed:03:12:43, total:07:16:20, remaining:04:03:37
27000/60000 -> avg_score:33.50, max:62.34, loss:-0.0485 | sim:0.43s, train:0.03s | elapsed:03:17:21, total:07:18:32, remaining:04:01:11
27500/60000 -> avg_score:43.96, max:62.34, loss:-0.0338 | sim:0.53s, train:0.03s | elapsed:03:22:02, total:07:20:47, remaining:03:58:45
28000/60000 -> avg_score:34.98, max:62.34, loss:-0.0593 | sim:0.60s, train:0.03s | elapsed:03:26:46, total:07:23:03, remaining:03:56:17
28500/60000 -> avg_score:38.35, max:62.34, loss:-0.0409 | sim:0.41s, train:0.03s | elapsed:03:31:28, total:07:25:11, remaining:03:53:43
29000/60000 -> avg_score:27.75, max:62.34, loss:-0.0357 | sim:0.34s, train:0.02s | elapsed:03:36:09, total:07:27:12, remaining:03:51:03
29500/60000 -> avg_score:39.43, max:62.34, loss:-0.0378 | sim:0.57s, train:0.03s | elapsed:03:40:49, total:07:29:06, remaining:03:48:17
29593/60000 -> NEW BEST avg_score:63.16 | sim:0.74s
30000/60000 -> avg_score:32.63, max:63.16, loss:-0.0348 | sim:0.39s, train:0.02s | elapsed:03:45:26, total:07:30:51, remaining:03:45:25
30500/60000 -> avg_score:32.62, max:63.16, loss:-0.0312 | sim:0.36s, train:0.02s | elapsed:03:49:57, total:07:32:21, remaining:03:42:24
31000/60000 -> avg_score:40.73, max:63.16, loss:-0.0356 | sim:0.45s, train:0.03s | elapsed:03:54:28, total:07:33:48, remaining:03:39:20
31500/60000 -> avg_score:34.02, max:63.16, loss:-0.0435 | sim:0.43s, train:0.02s | elapsed:03:59:08, total:07:35:29, remaining:03:36:20
32000/60000 -> avg_score:35.28, max:63.16, loss:-0.0349 | sim:0.52s, train:0.03s | elapsed:04:03:44, total:07:37:00, remaining:03:33:15
32500/60000 -> avg_score:33.85, max:63.16, loss:-0.0447 | sim:0.57s, train:0.03s | elapsed:04:08:17, total:07:38:22, remaining:03:30:05
33000/60000 -> avg_score:40.54, max:63.16, loss:-0.0316 | sim:0.44s, train:0.03s | elapsed:04:12:55, total:07:39:50, remaining:03:26:55
33500/60000 -> avg_score:48.38, max:63.16, loss:-0.0348 | sim:0.63s, train:0.04s | elapsed:04:17:39, total:07:41:27, remaining:03:23:48
34000/60000 -> avg_score:34.99, max:63.16, loss:-0.0305 | sim:0.39s, train:0.02s | elapsed:04:22:18, total:07:42:52, remaining:03:20:34
34500/60000 -> avg_score:45.83, max:63.16, loss:-0.0316 | sim:0.60s, train:0.04s | elapsed:04:26:51, total:07:44:04, remaining:03:17:13
35000/60000 -> avg_score:46.09, max:63.16, loss:-0.0354 | sim:0.68s, train:0.04s | elapsed:04:31:23, total:07:45:14, remaining:03:13:50
35500/60000 -> avg_score:38.86, max:63.16, loss:-0.0248 | sim:0.67s, train:0.03s | elapsed:04:35:59, total:07:46:26, remaining:03:10:27
36000/60000 -> avg_score:45.14, max:63.16, loss:-0.0236 | sim:0.48s, train:0.03s | elapsed:04:40:31, total:07:47:32, remaining:03:07:00
36500/60000 -> avg_score:37.35, max:63.16, loss:-0.0133 | sim:0.49s, train:0.03s | elapsed:04:45:04, total:07:48:37, remaining:03:03:32
37000/60000 -> avg_score:41.12, max:63.16, loss:-0.0256 | sim:0.47s, train:0.03s | elapsed:04:49:42, total:07:49:46, remaining:03:00:04
37500/60000 -> avg_score:34.68, max:63.16, loss:-0.0296 | sim:0.59s, train:0.03s | elapsed:04:54:17, total:07:50:51, remaining:02:56:34
38000/60000 -> avg_score:38.01, max:63.16, loss:-0.0249 | sim:0.47s, train:0.03s | elapsed:04:58:51, total:07:51:51, remaining:02:53:00
38500/60000 -> avg_score:36.44, max:63.16, loss:-0.0317 | sim:0.44s, train:0.03s | elapsed:05:03:33, total:07:53:03, remaining:02:49:30
39000/60000 -> avg_score:54.29, max:63.16, loss:-0.0319 | sim:0.63s, train:0.04s | elapsed:05:08:16, total:07:54:15, remaining:02:45:58
39500/60000 -> avg_score:44.69, max:63.16, loss:-0.0284 | sim:0.50s, train:0.03s | elapsed:05:12:59, total:07:55:25, remaining:02:42:25
40000/60000 -> avg_score:40.77, max:63.16, loss:-0.0370 | sim:0.50s, train:0.03s | elapsed:05:17:40, total:07:56:29, remaining:02:38:49
40289/60000 -> NEW BEST avg_score:70.33 | sim:1.06s
40500/60000 -> avg_score:44.70, max:70.33, loss:-0.0238 | sim:0.56s, train:0.03s | elapsed:05:22:24, total:07:57:37, remaining:02:35:13
41000/60000 -> avg_score:44.21, max:70.33, loss:-0.0235 | sim:0.78s, train:0.03s | elapsed:05:27:10, total:07:58:46, remaining:02:31:36
41500/60000 -> avg_score:35.45, max:70.33, loss:-0.0291 | sim:0.38s, train:0.03s | elapsed:05:31:58, total:07:59:57, remaining:02:27:58
42000/60000 -> avg_score:38.77, max:70.33, loss:-0.0302 | sim:0.44s, train:0.03s | elapsed:05:36:40, total:08:00:56, remaining:02:24:16
42500/60000 -> avg_score:42.75, max:70.33, loss:-0.0130 | sim:0.54s, train:0.03s | elapsed:05:41:24, total:08:01:58, remaining:02:20:34
43000/60000 -> avg_score:48.85, max:70.33, loss:-0.0166 | sim:0.61s, train:0.04s | elapsed:05:46:09, total:08:03:00, remaining:02:16:50
43500/60000 -> avg_score:44.86, max:70.33, loss:-0.0284 | sim:0.66s, train:0.04s | elapsed:05:50:51, total:08:03:55, remaining:02:13:04
44000/60000 -> avg_score:35.97, max:70.33, loss:-0.0218 | sim:0.46s, train:0.03s | elapsed:05:55:27, total:08:04:42, remaining:02:09:14
44500/60000 -> avg_score:48.37, max:70.33, loss:-0.0231 | sim:0.56s, train:0.04s | elapsed:06:00:12, total:08:05:39, remaining:02:05:27
45000/60000 -> avg_score:47.76, max:70.33, loss:-0.0272 | sim:0.61s, train:0.04s | elapsed:06:05:00, total:08:06:39, remaining:02:01:39
45500/60000 -> avg_score:42.43, max:70.33, loss:-0.0133 | sim:0.52s, train:0.04s | elapsed:06:09:44, total:08:07:34, remaining:01:57:49
46000/60000 -> avg_score:61.87, max:70.33, loss:-0.0140 | sim:0.88s, train:0.05s | elapsed:06:14:28, total:08:08:26, remaining:01:53:57
46500/60000 -> avg_score:41.73, max:70.33, loss:-0.0189 | sim:0.49s, train:0.03s | elapsed:06:19:08, total:08:09:11, remaining:01:50:03
47000/60000 -> avg_score:37.78, max:70.33, loss:-0.0183 | sim:0.48s, train:0.03s | elapsed:06:23:58, total:08:10:09, remaining:01:46:11
47500/60000 -> avg_score:39.79, max:70.33, loss:-0.0211 | sim:0.64s, train:0.03s | elapsed:06:28:38, total:08:10:54, remaining:01:42:15
48000/60000 -> avg_score:47.45, max:70.33, loss:-0.0115 | sim:0.59s, train:0.04s | elapsed:06:33:20, total:08:11:40, remaining:01:38:19
48500/60000 -> avg_score:42.63, max:70.33, loss:-0.0091 | sim:0.55s, train:0.03s | elapsed:06:38:05, total:08:12:27, remaining:01:34:22
49000/60000 -> avg_score:46.56, max:70.33, loss:-0.0159 | sim:0.54s, train:0.03s | elapsed:06:42:47, total:08:13:11, remaining:01:30:24
49500/60000 -> avg_score:33.34, max:70.33, loss:-0.0129 | sim:0.40s, train:0.03s | elapsed:06:47:32, total:08:13:58, remaining:01:26:26
50000/60000 -> avg_score:38.98, max:70.33, loss:-0.0173 | sim:0.64s, train:0.03s | elapsed:06:52:17, total:08:14:44, remaining:01:22:26
50500/60000 -> avg_score:45.16, max:70.33, loss:-0.0221 | sim:0.56s, train:0.04s | elapsed:06:57:04, total:08:15:30, remaining:01:18:26
51000/60000 -> avg_score:35.14, max:70.33, loss:-0.0214 | sim:0.40s, train:0.03s | elapsed:07:01:48, total:08:16:13, remaining:01:14:25
51500/60000 -> avg_score:47.55, max:70.33, loss:-0.0247 | sim:0.56s, train:0.04s | elapsed:07:06:25, total:08:16:48, remaining:01:10:22
