Using device: cpu
Model type: polar2
Using 16 worker processes for game simulation
Batch size: 32 games per training update
Entropy coefficient: 0.005
Starting wave: 5 (speed multiplier: 1.464)
Death penalty: -0.1 over last 60 frames
Resumed from checkpoint: nn_checkpoints/polar2_pg_ent005_best.pth (max_score: 159.05)
Creating persistent worker pool...
0/60000 -> avg_score:37.06, max:159.05, loss:0.0887 | sim:0.52s, train:0.04s | elapsed:00:00:00, total:09:16:58, remaining:09:16:58
Using device: cpu
Model type: polar2
Using 16 worker processes for game simulation
Batch size: 32 games per training update
Entropy coefficient: 0.005
Starting wave: 5 (speed multiplier: 1.464)
Death penalty: -0.1 over last 60 frames
Resumed from checkpoint: nn_checkpoints/polar2_pg_ent005_best.pth (resetting max_score from 159.05 to 0 for starting_wave=5)
Creating persistent worker pool...
0/60000 -> NEW BEST avg_score:52.57 | sim:0.47s
0/60000 -> avg_score:52.57, max:52.57, loss:0.0846 | sim:0.47s, train:0.04s | elapsed:00:00:00, total:08:41:05, remaining:08:41:04
11/60000 -> NEW BEST avg_score:52.60 | sim:0.45s
30/60000 -> NEW BEST avg_score:58.78 | sim:0.54s
73/60000 -> NEW BEST avg_score:61.39 | sim:0.62s
132/60000 -> NEW BEST avg_score:62.28 | sim:0.85s
492/60000 -> NEW BEST avg_score:62.91 | sim:0.51s
500/60000 -> avg_score:42.05, max:62.91, loss:0.1241 | sim:0.52s, train:0.02s | elapsed:00:04:14, total:08:28:55, remaining:08:24:40
581/60000 -> NEW BEST avg_score:64.91 | sim:0.56s
1000/60000 -> avg_score:54.33, max:64.91, loss:0.1038 | sim:0.55s, train:0.03s | elapsed:00:08:29, total:08:28:57, remaining:08:20:27
1251/60000 -> NEW BEST avg_score:65.03 | sim:0.61s
1500/60000 -> avg_score:41.75, max:65.03, loss:0.1351 | sim:0.39s, train:0.03s | elapsed:00:12:40, total:08:26:37, remaining:08:13:57
1533/60000 -> NEW BEST avg_score:65.59 | sim:0.74s
1536/60000 -> NEW BEST avg_score:65.67 | sim:0.59s
2000/60000 -> avg_score:47.13, max:65.67, loss:0.1114 | sim:0.53s, train:0.02s | elapsed:00:16:55, total:08:27:30, remaining:08:10:34
2167/60000 -> NEW BEST avg_score:66.89 | sim:0.63s
2500/60000 -> avg_score:43.09, max:66.89, loss:0.1285 | sim:0.51s, train:0.02s | elapsed:00:21:10, total:08:27:54, remaining:08:06:44
2978/60000 -> NEW BEST avg_score:68.44 | sim:0.57s
3000/60000 -> avg_score:37.95, max:68.44, loss:0.1324 | sim:0.35s, train:0.02s | elapsed:00:25:26, total:08:28:35, remaining:08:03:09
3282/60000 -> NEW BEST avg_score:68.97 | sim:0.72s
3500/60000 -> avg_score:39.75, max:68.97, loss:0.1070 | sim:0.37s, train:0.02s | elapsed:00:29:41, total:08:28:51, remaining:07:59:09
3874/60000 -> NEW BEST avg_score:69.50 | sim:0.66s
3950/60000 -> NEW BEST avg_score:69.67 | sim:0.59s
4000/60000 -> avg_score:52.76, max:69.67, loss:0.1100 | sim:0.47s, train:0.03s | elapsed:00:33:54, total:08:28:33, remaining:07:54:38
4500/60000 -> avg_score:53.01, max:69.67, loss:0.0982 | sim:0.53s, train:0.04s | elapsed:00:38:10, total:08:28:50, remaining:07:50:39
5000/60000 -> avg_score:56.90, max:69.67, loss:0.1054 | sim:0.50s, train:0.04s | elapsed:00:42:20, total:08:27:59, remaining:07:45:38
5500/60000 -> avg_score:59.30, max:69.67, loss:0.1152 | sim:0.55s, train:0.04s | elapsed:00:46:38, total:08:28:39, remaining:07:42:01
5881/60000 -> NEW BEST avg_score:71.51 | sim:0.60s
6000/60000 -> avg_score:55.34, max:71.51, loss:0.1152 | sim:0.44s, train:0.03s | elapsed:00:50:50, total:08:28:16, remaining:07:37:26
6304/60000 -> NEW BEST avg_score:73.71 | sim:0.66s
6500/60000 -> avg_score:43.52, max:73.71, loss:0.1318 | sim:0.43s, train:0.02s | elapsed:00:55:06, total:08:28:40, remaining:07:33:33
7000/60000 -> avg_score:47.21, max:73.71, loss:0.0907 | sim:0.46s, train:0.03s | elapsed:00:59:20, total:08:28:32, remaining:07:29:12
7500/60000 -> avg_score:47.08, max:73.71, loss:0.1166 | sim:0.45s, train:0.03s | elapsed:01:03:32, total:08:28:19, remaining:07:24:46
8000/60000 -> avg_score:58.80, max:73.71, loss:0.1100 | sim:0.56s, train:0.04s | elapsed:01:07:52, total:08:29:02, remaining:07:21:09
8500/60000 -> avg_score:47.84, max:73.71, loss:0.1444 | sim:0.42s, train:0.03s | elapsed:01:12:09, total:08:29:17, remaining:07:17:07
8563/60000 -> NEW BEST avg_score:74.66 | sim:0.72s
8948/60000 -> NEW BEST avg_score:77.23 | sim:0.65s
9000/60000 -> avg_score:57.84, max:77.23, loss:0.1286 | sim:0.48s, train:0.03s | elapsed:01:16:28, total:08:29:47, remaining:07:13:18
9500/60000 -> avg_score:42.23, max:77.23, loss:0.1192 | sim:0.36s, train:0.03s | elapsed:01:20:45, total:08:30:02, remaining:07:09:16
10000/60000 -> avg_score:44.79, max:77.23, loss:0.1156 | sim:0.48s, train:0.03s | elapsed:01:25:03, total:08:30:20, remaining:07:05:16
10500/60000 -> avg_score:59.66, max:77.23, loss:0.1178 | sim:0.61s, train:0.04s | elapsed:01:29:23, total:08:30:46, remaining:07:01:23
11000/60000 -> avg_score:48.33, max:77.23, loss:0.1243 | sim:0.50s, train:0.03s | elapsed:01:33:44, total:08:31:16, remaining:06:57:32
11500/60000 -> avg_score:52.90, max:77.23, loss:0.1146 | sim:0.52s, train:0.03s | elapsed:01:38:03, total:08:31:32, remaining:06:53:29
12000/60000 -> avg_score:48.23, max:77.23, loss:0.1416 | sim:0.40s, train:0.03s | elapsed:01:42:22, total:08:31:51, remaining:06:49:28
12500/60000 -> avg_score:44.84, max:77.23, loss:0.1186 | sim:0.59s, train:0.03s | elapsed:01:46:43, total:08:32:14, remaining:06:45:31
13000/60000 -> avg_score:59.56, max:77.23, loss:0.1127 | sim:0.58s, train:0.04s | elapsed:01:51:02, total:08:32:28, remaining:06:41:25
13500/60000 -> avg_score:54.13, max:77.23, loss:0.0750 | sim:0.56s, train:0.03s | elapsed:01:55:21, total:08:32:39, remaining:06:37:18
14000/60000 -> avg_score:35.00, max:77.23, loss:0.1035 | sim:0.47s, train:0.02s | elapsed:01:59:41, total:08:32:53, remaining:06:33:12
14500/60000 -> avg_score:45.86, max:77.23, loss:0.0940 | sim:0.47s, train:0.03s | elapsed:02:04:03, total:08:33:18, remaining:06:29:14
15000/60000 -> avg_score:59.80, max:77.23, loss:0.1274 | sim:0.62s, train:0.04s | elapsed:02:08:25, total:08:33:39, remaining:06:25:14
15500/60000 -> avg_score:54.79, max:77.23, loss:0.1009 | sim:0.47s, train:0.03s | elapsed:02:12:48, total:08:34:04, remaining:06:21:15
16000/60000 -> avg_score:42.25, max:77.23, loss:0.1084 | sim:0.44s, train:0.02s | elapsed:02:17:07, total:08:34:09, remaining:06:17:02
16500/60000 -> avg_score:49.99, max:77.23, loss:0.0962 | sim:0.45s, train:0.04s | elapsed:02:21:27, total:08:34:21, remaining:06:12:53
17000/60000 -> avg_score:44.38, max:77.23, loss:0.0918 | sim:0.44s, train:0.03s | elapsed:02:25:52, total:08:34:50, remaining:06:08:57
17500/60000 -> avg_score:56.52, max:77.23, loss:0.1098 | sim:0.65s, train:0.04s | elapsed:02:30:14, total:08:35:06, remaining:06:04:51
18000/60000 -> avg_score:55.48, max:77.23, loss:0.1121 | sim:0.52s, train:0.03s | elapsed:02:34:35, total:08:35:16, remaining:06:00:40
18500/60000 -> avg_score:45.19, max:77.23, loss:0.1190 | sim:0.47s, train:0.03s | elapsed:02:38:57, total:08:35:31, remaining:05:56:33
19000/60000 -> avg_score:44.19, max:77.23, loss:0.1240 | sim:0.43s, train:0.03s | elapsed:02:43:17, total:08:35:37, remaining:05:52:20
19500/60000 -> avg_score:51.42, max:77.23, loss:0.1038 | sim:0.50s, train:0.03s | elapsed:02:47:39, total:08:35:49, remaining:05:48:10
20000/60000 -> avg_score:53.93, max:77.23, loss:0.1323 | sim:0.50s, train:0.03s | elapsed:02:51:59, total:08:35:58, remaining:05:43:58
20500/60000 -> avg_score:41.58, max:77.23, loss:0.0990 | sim:0.39s, train:0.02s | elapsed:02:56:28, total:08:36:28, remaining:05:40:00
21000/60000 -> avg_score:46.73, max:77.23, loss:0.1124 | sim:0.38s, train:0.03s | elapsed:03:00:55, total:08:36:54, remaining:05:35:58
21500/60000 -> avg_score:42.30, max:77.23, loss:0.1281 | sim:0.46s, train:0.02s | elapsed:03:05:23, total:08:37:21, remaining:05:31:57
22000/60000 -> avg_score:53.31, max:77.23, loss:0.1119 | sim:0.45s, train:0.03s | elapsed:03:09:48, total:08:37:38, remaining:05:27:49
22421/60000 -> NEW BEST avg_score:79.07 | sim:0.61s
22500/60000 -> avg_score:62.25, max:79.07, loss:0.1109 | sim:0.48s, train:0.04s | elapsed:03:14:15, total:08:38:01, remaining:05:23:45
23000/60000 -> avg_score:61.29, max:79.07, loss:0.1385 | sim:0.48s, train:0.04s | elapsed:03:18:42, total:08:38:21, remaining:05:19:38
23500/60000 -> avg_score:56.55, max:79.07, loss:0.1124 | sim:0.67s, train:0.03s | elapsed:03:23:13, total:08:38:50, remaining:05:15:37
24000/60000 -> avg_score:48.45, max:79.07, loss:0.1059 | sim:0.50s, train:0.03s | elapsed:03:27:37, total:08:39:02, remaining:05:11:25
24500/60000 -> avg_score:53.12, max:79.07, loss:0.1265 | sim:0.47s, train:0.04s | elapsed:03:32:04, total:08:39:19, remaining:05:07:15
25000/60000 -> avg_score:53.14, max:79.07, loss:0.1035 | sim:0.54s, train:0.03s | elapsed:03:36:30, total:08:39:36, remaining:05:03:06
25500/60000 -> avg_score:51.64, max:79.07, loss:0.1154 | sim:0.45s, train:0.03s | elapsed:03:40:57, total:08:39:53, remaining:04:58:55
26000/60000 -> avg_score:48.72, max:79.07, loss:0.1213 | sim:0.50s, train:0.03s | elapsed:03:45:25, total:08:40:12, remaining:04:54:46
26500/60000 -> avg_score:44.76, max:79.07, loss:0.1126 | sim:0.53s, train:0.03s | elapsed:03:49:54, total:08:40:32, remaining:04:50:37
27000/60000 -> avg_score:59.80, max:79.07, loss:0.1101 | sim:0.76s, train:0.04s | elapsed:03:54:26, total:08:40:56, remaining:04:46:30
27500/60000 -> avg_score:36.02, max:79.07, loss:0.1519 | sim:0.38s, train:0.02s | elapsed:03:58:56, total:08:41:18, remaining:04:42:22
28000/60000 -> avg_score:48.78, max:79.07, loss:0.1101 | sim:0.43s, train:0.03s | elapsed:04:03:22, total:08:41:30, remaining:04:38:07
28500/60000 -> avg_score:59.97, max:79.07, loss:0.1206 | sim:0.56s, train:0.04s | elapsed:04:07:54, total:08:41:53, remaining:04:33:59
28838/60000 -> NEW BEST avg_score:80.03 | sim:0.72s
29000/60000 -> avg_score:53.47, max:80.03, loss:0.1175 | sim:0.47s, train:0.03s | elapsed:04:12:22, total:08:42:08, remaining:04:29:45
29500/60000 -> avg_score:43.96, max:80.03, loss:0.1099 | sim:0.48s, train:0.02s | elapsed:04:16:52, total:08:42:26, remaining:04:25:33
30000/60000 -> avg_score:46.86, max:80.03, loss:0.1252 | sim:0.46s, train:0.03s | elapsed:04:21:23, total:08:42:45, remaining:04:21:22
30500/60000 -> avg_score:51.91, max:80.03, loss:0.1100 | sim:0.57s, train:0.04s | elapsed:04:25:52, total:08:43:01, remaining:04:17:08
30760/60000 -> NEW BEST avg_score:81.91 | sim:0.71s
31000/60000 -> avg_score:52.88, max:81.91, loss:0.1198 | sim:0.54s, train:0.03s | elapsed:04:30:26, total:08:43:25, remaining:04:12:58
31500/60000 -> avg_score:48.17, max:81.91, loss:0.1024 | sim:0.49s, train:0.02s | elapsed:04:35:00, total:08:43:48, remaining:04:08:47
32000/60000 -> avg_score:60.47, max:81.91, loss:0.1138 | sim:0.54s, train:0.04s | elapsed:04:39:32, total:08:44:06, remaining:04:04:34
32500/60000 -> avg_score:42.47, max:81.91, loss:0.1182 | sim:0.37s, train:0.03s | elapsed:04:44:05, total:08:44:27, remaining:04:00:22
33000/60000 -> avg_score:50.18, max:81.91, loss:0.1056 | sim:0.46s, train:0.03s | elapsed:04:48:36, total:08:44:43, remaining:03:56:06
33500/60000 -> avg_score:70.25, max:81.91, loss:0.0846 | sim:0.63s, train:0.04s | elapsed:04:53:11, total:08:45:05, remaining:03:51:54
34000/60000 -> avg_score:47.64, max:81.91, loss:0.1088 | sim:0.45s, train:0.03s | elapsed:04:57:45, total:08:45:26, remaining:03:47:40
34500/60000 -> avg_score:51.55, max:81.91, loss:0.1111 | sim:0.55s, train:0.03s | elapsed:05:02:14, total:08:45:37, remaining:03:43:22
35000/60000 -> avg_score:49.11, max:81.91, loss:0.1294 | sim:0.59s, train:0.03s | elapsed:05:06:46, total:08:45:52, remaining:03:39:06
35500/60000 -> avg_score:59.50, max:81.91, loss:0.1196 | sim:0.59s, train:0.04s | elapsed:05:11:17, total:08:46:06, remaining:03:34:48
36000/60000 -> avg_score:50.63, max:81.91, loss:0.1154 | sim:0.46s, train:0.03s | elapsed:05:15:50, total:08:46:22, remaining:03:30:32
36500/60000 -> avg_score:63.66, max:81.91, loss:0.1190 | sim:0.56s, train:0.04s | elapsed:05:20:22, total:08:46:38, remaining:03:26:15
37000/60000 -> avg_score:57.38, max:81.91, loss:0.1136 | sim:0.55s, train:0.04s | elapsed:05:25:02, total:08:47:04, remaining:03:22:02
37500/60000 -> avg_score:57.19, max:81.91, loss:0.1194 | sim:0.62s, train:0.04s | elapsed:05:30:05, total:08:48:07, remaining:03:18:02
