Using device: cpu
Model type: polar2
Using 16 worker processes for game simulation
Batch size: 32 games per training update
Entropy coefficient: 0.01
Resumed from checkpoint: nn_checkpoints/polar2_pg_best.pth (max_score: 70.33)
Creating persistent worker pool...
0/60000 -> avg_score:43.02, max:70.33, loss:-0.0324 | sim:0.55s, train:0.04s | elapsed:00:00:00, total:09:50:26, remaining:09:50:26
500/60000 -> avg_score:19.01, max:70.33, loss:-0.0927 | sim:0.28s, train:0.01s | elapsed:00:04:20, total:08:39:02, remaining:08:34:42
1000/60000 -> avg_score:14.86, max:70.33, loss:-0.0289 | sim:0.25s, train:0.01s | elapsed:00:06:51, total:06:50:56, remaining:06:44:05
1500/60000 -> avg_score:56.11, max:70.33, loss:-0.0209 | sim:0.73s, train:0.05s | elapsed:00:10:11, total:06:47:20, remaining:06:37:09
1547/60000 -> NEW BEST avg_score:70.52 | sim:0.96s
1566/60000 -> NEW BEST avg_score:70.94 | sim:1.00s
1578/60000 -> NEW BEST avg_score:72.49 | sim:0.76s
1604/60000 -> NEW BEST avg_score:83.41 | sim:1.12s
1669/60000 -> NEW BEST avg_score:93.09 | sim:1.24s
1796/60000 -> NEW BEST avg_score:94.35 | sim:1.02s
1824/60000 -> NEW BEST avg_score:98.29 | sim:1.06s
1884/60000 -> NEW BEST avg_score:101.71 | sim:1.11s
1896/60000 -> NEW BEST avg_score:106.92 | sim:1.08s
2000/60000 -> avg_score:98.81, max:106.92, loss:0.0084 | sim:1.03s, train:0.10s | elapsed:00:17:28, total:08:44:13, remaining:08:26:44
2500/60000 -> avg_score:81.90, max:106.92, loss:0.0479 | sim:1.01s, train:0.06s | elapsed:00:25:17, total:10:06:37, remaining:09:41:19
2524/60000 -> NEW BEST avg_score:110.32 | sim:1.13s
2747/60000 -> NEW BEST avg_score:124.67 | sim:1.29s
3000/60000 -> avg_score:96.64, max:124.67, loss:0.0256 | sim:0.92s, train:0.08s | elapsed:00:33:17, total:11:05:46, remaining:10:32:28
3486/60000 -> NEW BEST avg_score:125.22 | sim:1.24s
3500/60000 -> avg_score:91.61, max:125.22, loss:0.0581 | sim:0.98s, train:0.08s | elapsed:00:41:13, total:11:46:35, remaining:11:05:22
4000/60000 -> avg_score:83.58, max:125.22, loss:0.0429 | sim:0.75s, train:0.06s | elapsed:00:49:18, total:12:19:19, remaining:11:30:01
4500/60000 -> avg_score:101.20, max:125.22, loss:0.0513 | sim:0.94s, train:0.08s | elapsed:00:57:23, total:12:45:00, remaining:11:47:36
5000/60000 -> avg_score:99.46, max:125.22, loss:0.0486 | sim:0.96s, train:0.09s | elapsed:01:05:26, total:13:05:08, remaining:11:59:42
5500/60000 -> avg_score:101.30, max:125.22, loss:0.0409 | sim:0.91s, train:0.08s | elapsed:01:13:37, total:13:23:06, remaining:12:09:28
6000/60000 -> avg_score:111.07, max:125.22, loss:0.0451 | sim:1.17s, train:0.09s | elapsed:01:21:44, total:13:37:15, remaining:12:15:30
6047/60000 -> NEW BEST avg_score:128.11 | sim:1.26s
6500/60000 -> avg_score:94.98, max:128.11, loss:0.0551 | sim:0.88s, train:0.08s | elapsed:01:29:39, total:13:47:29, remaining:12:17:50
7000/60000 -> avg_score:99.27, max:128.11, loss:0.0468 | sim:0.98s, train:0.09s | elapsed:01:37:42, total:13:57:20, remaining:12:19:38
7500/60000 -> avg_score:98.73, max:128.11, loss:0.0521 | sim:0.98s, train:0.08s | elapsed:01:45:49, total:14:06:32, remaining:12:20:42
8000/60000 -> avg_score:103.07, max:128.11, loss:0.0383 | sim:0.97s, train:0.09s | elapsed:01:54:09, total:14:16:08, remaining:12:21:58
8500/60000 -> avg_score:77.69, max:128.11, loss:0.0532 | sim:0.71s, train:0.06s | elapsed:02:02:14, total:14:22:47, remaining:12:20:32
8693/60000 -> NEW BEST avg_score:128.45 | sim:1.24s
9000/60000 -> avg_score:86.30, max:128.45, loss:0.0620 | sim:0.74s, train:0.06s | elapsed:02:10:16, total:14:28:25, remaining:12:18:08
9500/60000 -> avg_score:86.49, max:128.45, loss:0.0414 | sim:0.84s, train:0.06s | elapsed:02:18:14, total:14:32:57, remaining:12:14:43
10000/60000 -> avg_score:65.55, max:128.45, loss:0.0629 | sim:0.69s, train:0.04s | elapsed:02:26:13, total:14:37:13, remaining:12:11:00
10500/60000 -> avg_score:90.84, max:128.45, loss:0.0575 | sim:0.82s, train:0.07s | elapsed:02:34:19, total:14:41:47, remaining:12:07:27
11000/60000 -> avg_score:92.92, max:128.45, loss:0.0489 | sim:0.95s, train:0.07s | elapsed:02:42:25, total:14:45:51, remaining:12:03:26
