Using device: cpu
Model type: polar
Using 16 worker processes for game simulation
Batch size: 32 games per training update
Resumed from checkpoint: nn_weights/polar_pg_best.pth (max_score: 140.11)
Creating persistent worker pool...
0/60000 -> avg_score:118.84, max:140.11, loss:-0.0311 | sim:1.44s, train:0.14s | elapsed:00:00:01, total:02:20:34, remaining:02:20:32
500/60000 -> avg_score:95.87, max:140.11, loss:-0.0467 | sim:1.11s, train:0.11s | elapsed:00:10:43, total:21:24:03, remaining:21:13:20
1000/60000 -> avg_score:100.37, max:140.11, loss:-0.0164 | sim:1.11s, train:0.11s | elapsed:00:21:13, total:21:12:39, remaining:20:51:25
1500/60000 -> avg_score:118.24, max:140.11, loss:-0.0258 | sim:1.16s, train:0.15s | elapsed:00:31:48, total:21:11:48, remaining:20:39:59
2000/60000 -> avg_score:112.93, max:140.11, loss:-0.0016 | sim:1.17s, train:0.13s | elapsed:00:42:23, total:21:10:55, remaining:20:28:32
2500/60000 -> avg_score:88.35, max:140.11, loss:-0.0329 | sim:1.02s, train:0.09s | elapsed:00:53:06, total:21:14:17, remaining:20:21:10
3000/60000 -> avg_score:110.89, max:140.11, loss:-0.0153 | sim:1.07s, train:0.12s | elapsed:01:03:46, total:21:15:05, remaining:20:11:18
3500/60000 -> avg_score:107.22, max:140.11, loss:-0.0334 | sim:1.31s, train:0.12s | elapsed:01:14:24, total:21:15:10, remaining:20:00:46
4000/60000 -> avg_score:103.52, max:140.11, loss:-0.0219 | sim:1.09s, train:0.11s | elapsed:01:24:57, total:21:14:08, remaining:19:49:11
4500/60000 -> avg_score:95.50, max:140.11, loss:-0.0362 | sim:1.04s, train:0.10s | elapsed:01:35:36, total:21:14:26, remaining:19:38:49
5000/60000 -> avg_score:105.92, max:140.11, loss:-0.0147 | sim:1.08s, train:0.11s | elapsed:01:46:10, total:21:13:53, remaining:19:27:42
5500/60000 -> avg_score:100.42, max:140.11, loss:-0.0392 | sim:1.10s, train:0.11s | elapsed:01:56:42, total:21:12:59, remaining:19:16:16
6000/60000 -> avg_score:111.12, max:140.11, loss:-0.0204 | sim:1.26s, train:0.12s | elapsed:02:07:24, total:21:13:50, remaining:19:06:25
6500/60000 -> avg_score:121.56, max:140.11, loss:-0.0258 | sim:1.19s, train:0.15s | elapsed:02:17:54, total:21:12:50, remaining:18:54:55
7000/60000 -> avg_score:99.20, max:140.11, loss:-0.0129 | sim:1.10s, train:0.10s | elapsed:02:28:33, total:21:13:07, remaining:18:44:34
7327/60000 -> NEW BEST avg_score:149.03 | sim:1.45s
7500/60000 -> avg_score:110.14, max:149.03, loss:-0.0224 | sim:1.13s, train:0.12s | elapsed:02:39:14, total:21:13:47, remaining:18:34:32
8000/60000 -> avg_score:114.57, max:149.03, loss:-0.0252 | sim:1.12s, train:0.13s | elapsed:02:49:51, total:21:13:45, remaining:18:23:54
8500/60000 -> avg_score:106.66, max:149.03, loss:-0.0280 | sim:1.27s, train:0.12s | elapsed:03:00:30, total:21:14:01, remaining:18:13:30
9000/60000 -> avg_score:104.87, max:149.03, loss:-0.0338 | sim:1.08s, train:0.12s | elapsed:03:11:06, total:21:13:52, remaining:18:02:46
9500/60000 -> avg_score:97.98, max:149.03, loss:-0.0374 | sim:1.05s, train:0.11s | elapsed:03:21:47, total:21:14:22, remaining:17:52:34
10000/60000 -> avg_score:109.50, max:149.03, loss:-0.0239 | sim:1.18s, train:0.12s | elapsed:03:32:28, total:21:14:40, remaining:17:42:12
10500/60000 -> avg_score:112.33, max:149.03, loss:-0.0241 | sim:1.24s, train:0.13s | elapsed:03:43:15, total:21:15:40, remaining:17:32:24
11000/60000 -> avg_score:112.52, max:149.03, loss:-0.0069 | sim:1.00s, train:0.12s | elapsed:03:54:02, total:21:16:29, remaining:17:22:26
11500/60000 -> avg_score:116.11, max:149.03, loss:-0.0197 | sim:1.18s, train:0.13s | elapsed:04:04:50, total:21:17:17, remaining:17:12:27
12000/60000 -> avg_score:108.15, max:149.03, loss:-0.0308 | sim:1.18s, train:0.12s | elapsed:04:15:39, total:21:18:09, remaining:17:02:30
12500/60000 -> avg_score:101.19, max:149.03, loss:-0.0138 | sim:0.97s, train:0.10s | elapsed:04:26:19, total:21:18:15, remaining:16:51:56
13000/60000 -> avg_score:116.66, max:149.03, loss:-0.0334 | sim:1.25s, train:0.14s | elapsed:04:37:06, total:21:18:50, remaining:16:41:43
13500/60000 -> avg_score:103.45, max:149.03, loss:-0.0306 | sim:1.17s, train:0.11s | elapsed:04:47:56, total:21:19:39, remaining:16:31:42
14000/60000 -> avg_score:113.13, max:149.03, loss:-0.0163 | sim:1.22s, train:0.12s | elapsed:04:58:40, total:21:19:57, remaining:16:21:16
