Using device: cpu
Model type: polar
Using 16 worker processes for game simulation
Batch size: 32 games per training update
Creating persistent worker pool...
0/60000 -> avg_score:3.68, max:3.68, loss:0.0004 | sim:0.16s, train:0.02s | elapsed:00:00:00, total:03:08:03, remaining:03:08:02
500/60000 -> avg_score:5.55, max:10.06, loss:-0.0067 | sim:0.27s, train:0.01s | elapsed:00:01:49, total:03:38:58, remaining:03:37:09
1000/60000 -> avg_score:9.76, max:13.36, loss:-0.0367 | sim:0.30s, train:0.01s | elapsed:00:03:49, total:03:49:29, remaining:03:45:40
1500/60000 -> avg_score:9.57, max:13.74, loss:-0.0425 | sim:0.24s, train:0.01s | elapsed:00:05:58, total:03:59:02, remaining:03:53:03
2000/60000 -> avg_score:7.28, max:14.77, loss:-0.0425 | sim:0.21s, train:0.01s | elapsed:00:08:16, total:04:07:58, remaining:03:59:42
2500/60000 -> avg_score:12.99, max:15.92, loss:-0.0812 | sim:0.49s, train:0.02s | elapsed:00:10:34, total:04:13:46, remaining:04:03:11
3000/60000 -> avg_score:7.64, max:15.92, loss:-0.0324 | sim:0.21s, train:0.01s | elapsed:00:12:51, total:04:16:57, remaining:04:04:06
3500/60000 -> avg_score:12.77, max:18.28, loss:-0.0615 | sim:0.34s, train:0.02s | elapsed:00:15:10, total:04:19:58, remaining:04:04:48
4000/60000 -> avg_score:10.20, max:18.28, loss:-0.0517 | sim:0.22s, train:0.01s | elapsed:00:17:32, total:04:23:05, remaining:04:05:33
4500/60000 -> avg_score:12.90, max:18.28, loss:-0.0554 | sim:0.28s, train:0.01s | elapsed:00:19:54, total:04:25:23, remaining:04:05:28
5000/60000 -> avg_score:12.11, max:18.92, loss:-0.0968 | sim:0.23s, train:0.01s | elapsed:00:22:16, total:04:27:10, remaining:04:04:54
5500/60000 -> avg_score:11.31, max:18.92, loss:-0.0746 | sim:0.26s, train:0.01s | elapsed:00:24:36, total:04:28:28, remaining:04:03:51
6000/60000 -> avg_score:14.80, max:19.14, loss:-0.0824 | sim:0.35s, train:0.02s | elapsed:00:27:02, total:04:30:23, remaining:04:03:20
6500/60000 -> avg_score:15.68, max:20.99, loss:-0.0555 | sim:0.47s, train:0.02s | elapsed:00:29:31, total:04:32:29, remaining:04:02:58
7000/60000 -> avg_score:11.25, max:21.11, loss:-0.0255 | sim:0.21s, train:0.01s | elapsed:00:32:03, total:04:34:45, remaining:04:02:41
7500/60000 -> avg_score:12.48, max:23.56, loss:-0.0740 | sim:0.30s, train:0.01s | elapsed:00:34:41, total:04:37:29, remaining:04:02:47
8000/60000 -> avg_score:17.60, max:26.01, loss:-0.0481 | sim:0.30s, train:0.02s | elapsed:00:37:21, total:04:40:06, remaining:04:02:45
8500/60000 -> avg_score:14.49, max:26.01, loss:-0.0509 | sim:0.35s, train:0.01s | elapsed:00:40:09, total:04:43:24, remaining:04:03:15
9000/60000 -> avg_score:14.92, max:26.95, loss:-0.0650 | sim:0.32s, train:0.01s | elapsed:00:42:58, total:04:46:26, remaining:04:03:27
9500/60000 -> avg_score:16.29, max:26.95, loss:-0.0501 | sim:0.32s, train:0.02s | elapsed:00:45:50, total:04:49:31, remaining:04:03:40
10000/60000 -> avg_score:17.67, max:28.12, loss:-0.0629 | sim:0.35s, train:0.02s | elapsed:00:48:44, total:04:52:23, remaining:04:03:39
10500/60000 -> avg_score:18.69, max:28.17, loss:-0.0578 | sim:0.30s, train:0.02s | elapsed:00:51:45, total:04:55:46, remaining:04:04:00
11000/60000 -> avg_score:22.36, max:33.52, loss:-0.0445 | sim:0.37s, train:0.02s | elapsed:00:54:47, total:04:58:50, remaining:04:04:02
11500/60000 -> avg_score:20.06, max:33.52, loss:-0.0506 | sim:0.37s, train:0.02s | elapsed:00:57:54, total:05:02:06, remaining:04:04:11
12000/60000 -> avg_score:21.21, max:33.52, loss:-0.0708 | sim:0.42s, train:0.02s | elapsed:01:01:07, total:05:05:38, remaining:04:04:30
12500/60000 -> avg_score:24.25, max:35.15, loss:-0.0493 | sim:0.40s, train:0.02s | elapsed:01:04:28, total:05:09:25, remaining:04:04:57
13000/60000 -> avg_score:19.45, max:35.15, loss:-0.0546 | sim:0.32s, train:0.02s | elapsed:01:07:48, total:05:12:58, remaining:04:05:09
13500/60000 -> avg_score:22.99, max:35.15, loss:-0.0297 | sim:0.40s, train:0.02s | elapsed:01:11:09, total:05:16:15, remaining:04:05:05
14000/60000 -> avg_score:24.50, max:37.83, loss:-0.0464 | sim:0.55s, train:0.02s | elapsed:01:14:41, total:05:20:03, remaining:04:05:22
14500/60000 -> avg_score:25.71, max:37.83, loss:-0.0413 | sim:0.37s, train:0.02s | elapsed:01:18:14, total:05:23:45, remaining:04:05:30
15000/60000 -> avg_score:27.05, max:38.97, loss:-0.0354 | sim:0.49s, train:0.03s | elapsed:01:21:58, total:05:27:51, remaining:04:05:53
15500/60000 -> avg_score:24.12, max:38.97, loss:-0.0223 | sim:0.41s, train:0.02s | elapsed:01:25:37, total:05:31:24, remaining:04:05:47
16000/60000 -> avg_score:26.02, max:38.97, loss:-0.0452 | sim:0.40s, train:0.02s | elapsed:01:29:10, total:05:34:23, remaining:04:05:13
16500/60000 -> avg_score:25.15, max:39.27, loss:-0.0450 | sim:0.42s, train:0.02s | elapsed:01:32:48, total:05:37:26, remaining:04:04:38
17000/60000 -> avg_score:23.83, max:39.27, loss:-0.0261 | sim:0.33s, train:0.02s | elapsed:01:36:24, total:05:40:16, remaining:04:03:51
17500/60000 -> avg_score:23.28, max:44.17, loss:-0.0531 | sim:0.47s, train:0.02s | elapsed:01:40:01, total:05:42:54, remaining:04:02:53
18000/60000 -> avg_score:19.55, max:44.17, loss:0.0036 | sim:0.38s, train:0.02s | elapsed:01:43:42, total:05:45:40, remaining:04:01:57
18500/60000 -> avg_score:21.08, max:44.17, loss:-0.0240 | sim:0.37s, train:0.02s | elapsed:01:47:23, total:05:48:15, remaining:04:00:52
19000/60000 -> avg_score:23.13, max:44.17, loss:-0.0159 | sim:0.36s, train:0.02s | elapsed:01:51:07, total:05:50:54, remaining:03:59:46
19500/60000 -> avg_score:15.44, max:44.17, loss:-0.0304 | sim:0.34s, train:0.02s | elapsed:01:54:52, total:05:53:26, remaining:03:58:34
20000/60000 -> avg_score:25.38, max:44.17, loss:-0.0053 | sim:0.42s, train:0.02s | elapsed:01:58:34, total:05:55:43, remaining:03:57:08
20500/60000 -> avg_score:25.86, max:44.17, loss:-0.0269 | sim:0.46s, train:0.03s | elapsed:02:02:23, total:05:58:10, remaining:03:55:47
21000/60000 -> avg_score:29.57, max:44.17, loss:-0.0232 | sim:0.56s, train:0.03s | elapsed:02:06:11, total:06:00:31, remaining:03:54:20
21500/60000 -> avg_score:27.98, max:44.17, loss:-0.0373 | sim:0.49s, train:0.03s | elapsed:02:09:56, total:06:02:35, remaining:03:52:39
22000/60000 -> avg_score:23.87, max:44.17, loss:-0.0245 | sim:0.43s, train:0.02s | elapsed:02:13:37, total:06:04:23, remaining:03:50:46
22500/60000 -> avg_score:25.70, max:44.17, loss:0.0046 | sim:0.33s, train:0.02s | elapsed:02:17:30, total:06:06:41, remaining:03:49:10
23000/60000 -> avg_score:30.58, max:45.07, loss:-0.0106 | sim:0.47s, train:0.03s | elapsed:02:21:26, total:06:08:58, remaining:03:47:31
23500/60000 -> avg_score:34.54, max:45.07, loss:0.0032 | sim:0.49s, train:0.03s | elapsed:02:25:16, total:06:10:53, remaining:03:45:36
24000/60000 -> avg_score:30.72, max:45.07, loss:-0.0117 | sim:0.46s, train:0.03s | elapsed:02:29:06, total:06:12:46, remaining:03:43:39
24500/60000 -> avg_score:26.34, max:47.55, loss:-0.0177 | sim:0.40s, train:0.02s | elapsed:02:32:58, total:06:14:37, remaining:03:41:39
25000/60000 -> avg_score:23.10, max:47.55, loss:-0.0094 | sim:0.30s, train:0.02s | elapsed:02:36:51, total:06:16:26, remaining:03:39:35
25500/60000 -> avg_score:22.34, max:47.55, loss:-0.0267 | sim:0.33s, train:0.02s | elapsed:02:40:42, total:06:18:08, remaining:03:37:25
26000/60000 -> avg_score:17.92, max:47.55, loss:-0.0231 | sim:0.31s, train:0.02s | elapsed:02:44:34, total:06:19:47, remaining:03:35:12
26500/60000 -> avg_score:25.64, max:47.55, loss:-0.0045 | sim:0.35s, train:0.02s | elapsed:02:48:27, total:06:21:23, remaining:03:32:56
27000/60000 -> avg_score:29.12, max:47.55, loss:-0.0039 | sim:0.64s, train:0.03s | elapsed:02:52:30, total:06:23:20, remaining:03:30:50
27500/60000 -> avg_score:32.16, max:47.55, loss:-0.0213 | sim:0.65s, train:0.03s | elapsed:02:56:35, total:06:25:16, remaining:03:28:40
28000/60000 -> avg_score:32.57, max:47.55, loss:-0.0526 | sim:0.52s, train:0.03s | elapsed:03:00:36, total:06:26:59, remaining:03:26:23
28500/60000 -> avg_score:26.68, max:47.55, loss:-0.0224 | sim:0.54s, train:0.02s | elapsed:03:04:37, total:06:28:39, remaining:03:24:02
29000/60000 -> avg_score:28.23, max:47.55, loss:-0.0340 | sim:0.49s, train:0.03s | elapsed:03:08:49, total:06:30:39, remaining:03:21:50
29500/60000 -> avg_score:59.42, max:70.76, loss:0.0017 | sim:0.75s, train:0.06s | elapsed:03:14:28, total:06:35:31, remaining:03:21:03
30000/60000 -> avg_score:80.13, max:91.96, loss:-0.0353 | sim:0.95s, train:0.09s | elapsed:03:22:21, total:06:44:42, remaining:03:22:20
30500/60000 -> avg_score:86.56, max:106.18, loss:-0.0197 | sim:0.92s, train:0.09s | elapsed:03:31:17, total:06:55:37, remaining:03:24:20
31000/60000 -> avg_score:92.80, max:115.09, loss:-0.0232 | sim:1.16s, train:0.11s | elapsed:03:40:56, total:07:07:37, remaining:03:26:40
31500/60000 -> avg_score:96.92, max:122.19, loss:-0.0358 | sim:1.24s, train:0.11s | elapsed:03:50:59, total:07:19:57, remaining:03:28:58
32000/60000 -> avg_score:96.22, max:127.84, loss:-0.0313 | sim:0.97s, train:0.11s | elapsed:04:01:15, total:07:32:20, remaining:03:31:05
32500/60000 -> avg_score:110.11, max:129.01, loss:-0.0181 | sim:1.15s, train:0.12s | elapsed:04:11:44, total:07:44:45, remaining:03:33:00
33000/60000 -> avg_score:115.54, max:129.13, loss:-0.0207 | sim:1.46s, train:0.15s | elapsed:04:22:22, total:07:57:02, remaining:03:34:39
33500/60000 -> avg_score:100.67, max:130.07, loss:-0.0220 | sim:1.11s, train:0.11s | elapsed:04:33:00, total:08:08:57, remaining:03:35:56
34000/60000 -> avg_score:92.76, max:136.24, loss:-0.0137 | sim:1.13s, train:0.11s | elapsed:04:43:41, total:08:20:36, remaining:03:36:55
34500/60000 -> avg_score:101.67, max:136.24, loss:-0.0147 | sim:1.06s, train:0.11s | elapsed:04:54:18, total:08:31:50, remaining:03:37:31
35000/60000 -> avg_score:105.68, max:136.24, loss:-0.0225 | sim:1.29s, train:0.12s | elapsed:05:04:57, total:08:42:45, remaining:03:37:48
35500/60000 -> avg_score:101.61, max:136.24, loss:-0.0195 | sim:1.05s, train:0.11s | elapsed:05:15:37, total:08:53:26, remaining:03:37:48
36000/60000 -> avg_score:119.30, max:136.24, loss:-0.0211 | sim:1.26s, train:0.15s | elapsed:05:26:16, total:09:03:46, remaining:03:37:30
