Cross-Entropy Supervised Learning
Base name: training_data20k_combinded
Batch per file: 3
Learning rate: 0.0001
max_iterations: 400
Evaluation interval: 10
Games per evaluation: 100
Evaluation threads: 8
Device: cuda

Loading training data...
Found 115 data files matching 'training_data20k_combinded'
starting training
Evaluation avg_score=3.9, avg_time_alive=10.5s
Epoch 0, Iteration 0/400, Loss: 1.7640 | Elapsed: 8.6s, Per-iter: 8.595s, Remaining: 3429.3s, Total: 3437.9s
Evaluation avg_score=4.7, avg_time_alive=12.4s
Epoch 0, Iteration 10/400, Loss: 1.7417 | Elapsed: 100.6s, Per-iter: 9.142s, Remaining: 3556.2s, Total: 3656.8s
Evaluation avg_score=3.3, avg_time_alive=9.3s
Epoch 0, Iteration 20/400, Loss: 1.7182 | Elapsed: 196.4s, Per-iter: 9.351s, Remaining: 3544.1s, Total: 3740.5s
Evaluation avg_score=3.1, avg_time_alive=9.5s
Epoch 0, Iteration 30/400, Loss: 1.6946 | Elapsed: 288.3s, Per-iter: 9.300s, Remaining: 3431.7s, Total: 3720.0s
Evaluation avg_score=3.6, avg_time_alive=9.8s
Epoch 0, Iteration 40/400, Loss: 1.6686 | Elapsed: 384.2s, Per-iter: 9.371s, Remaining: 3364.2s, Total: 3748.4s
Evaluation avg_score=3.6, avg_time_alive=10.4s
Epoch 0, Iteration 50/400, Loss: 1.6410 | Elapsed: 480.1s, Per-iter: 9.414s, Remaining: 3285.3s, Total: 3765.4s
Evaluation avg_score=5.0, avg_time_alive=12.3s
Epoch 0, Iteration 60/400, Loss: 1.6125 | Elapsed: 572.0s, Per-iter: 9.378s, Remaining: 3179.1s, Total: 3751.1s
Evaluation avg_score=5.5, avg_time_alive=13.2s
Epoch 0, Iteration 70/400, Loss: 1.5816 | Elapsed: 668.2s, Per-iter: 9.411s, Remaining: 3096.2s, Total: 3764.3s
Evaluation avg_score=3.6, avg_time_alive=11.7s
Epoch 0, Iteration 80/400, Loss: 1.5474 | Elapsed: 764.2s, Per-iter: 9.434s, Remaining: 3009.6s, Total: 3773.8s
Evaluation avg_score=3.7, avg_time_alive=10.4s
Epoch 0, Iteration 90/400, Loss: 1.5118 | Elapsed: 860.2s, Per-iter: 9.453s, Remaining: 2920.9s, Total: 3781.1s
Evaluation avg_score=3.5, avg_time_alive=10.5s
Epoch 0, Iteration 100/400, Loss: 1.4756 | Elapsed: 952.7s, Per-iter: 9.433s, Remaining: 2820.4s, Total: 3773.1s
Evaluation avg_score=3.3, avg_time_alive=10.5s
Epoch 0, Iteration 110/400, Loss: 1.4368 | Elapsed: 1049.2s, Per-iter: 9.452s, Remaining: 2731.6s, Total: 3780.8s
Evaluation avg_score=4.0, avg_time_alive=11.0s
Epoch 0, Iteration 120/400, Loss: 1.4021 | Elapsed: 1149.5s, Per-iter: 9.500s, Remaining: 2650.6s, Total: 3800.1s
Evaluation avg_score=4.1, avg_time_alive=12.2s
Epoch 0, Iteration 130/400, Loss: 1.3660 | Elapsed: 1246.0s, Per-iter: 9.512s, Remaining: 2558.6s, Total: 3804.6s
Evaluation avg_score=4.8, avg_time_alive=14.1s
Epoch 0, Iteration 140/400, Loss: 1.3298 | Elapsed: 1342.5s, Per-iter: 9.521s, Remaining: 2466.0s, Total: 3808.5s
Evaluation avg_score=2.8, avg_time_alive=9.8s
Epoch 0, Iteration 150/400, Loss: 1.2976 | Elapsed: 1439.1s, Per-iter: 9.531s, Remaining: 2373.1s, Total: 3812.2s
Evaluation avg_score=4.3, avg_time_alive=13.4s
Epoch 0, Iteration 160/400, Loss: 1.2669 | Elapsed: 1535.6s, Per-iter: 9.538s, Remaining: 2279.5s, Total: 3815.0s
Evaluation avg_score=4.5, avg_time_alive=11.2s
Epoch 0, Iteration 170/400, Loss: 1.2402 | Elapsed: 1631.9s, Per-iter: 9.543s, Remaining: 2185.5s, Total: 3817.4s
Evaluation avg_score=3.5, avg_time_alive=10.4s
Epoch 0, Iteration 180/400, Loss: 1.2155 | Elapsed: 1728.3s, Per-iter: 9.549s, Remaining: 2091.2s, Total: 3819.5s
Evaluation avg_score=3.2, avg_time_alive=11.2s
Epoch 0, Iteration 190/400, Loss: 1.1941 | Elapsed: 1821.3s, Per-iter: 9.535s, Remaining: 1992.9s, Total: 3814.2s
Evaluation avg_score=2.9, avg_time_alive=10.3s
Epoch 0, Iteration 200/400, Loss: 1.1751 | Elapsed: 1918.2s, Per-iter: 9.543s, Remaining: 1899.1s, Total: 3817.4s
Evaluation avg_score=3.2, avg_time_alive=11.0s
Epoch 0, Iteration 210/400, Loss: 1.1575 | Elapsed: 2011.2s, Per-iter: 9.532s, Remaining: 1801.5s, Total: 3812.8s
Evaluation avg_score=2.9, avg_time_alive=9.9s
Epoch 0, Iteration 220/400, Loss: 1.1422 | Elapsed: 2104.1s, Per-iter: 9.521s, Remaining: 1704.3s, Total: 3808.4s
Evaluation avg_score=3.1, avg_time_alive=9.9s
Epoch 0, Iteration 230/400, Loss: 1.1335 | Elapsed: 2201.0s, Per-iter: 9.528s, Remaining: 1610.3s, Total: 3811.3s
Evaluation avg_score=2.2, avg_time_alive=9.3s
Epoch 0, Iteration 240/400, Loss: 1.1201 | Elapsed: 2298.0s, Per-iter: 9.535s, Remaining: 1516.1s, Total: 3814.1s
Evaluation avg_score=2.7, avg_time_alive=11.3s
Epoch 0, Iteration 250/400, Loss: 1.1094 | Elapsed: 2390.9s, Per-iter: 9.525s, Remaining: 1419.3s, Total: 3810.2s
Evaluation avg_score=2.7, avg_time_alive=10.1s
Epoch 0, Iteration 260/400, Loss: 1.1004 | Elapsed: 2487.8s, Per-iter: 9.532s, Remaining: 1324.9s, Total: 3812.7s
Evaluation avg_score=2.0, avg_time_alive=8.0s
Epoch 0, Iteration 270/400, Loss: 1.0942 | Elapsed: 2584.7s, Per-iter: 9.538s, Remaining: 1230.4s, Total: 3815.1s
Evaluation avg_score=2.4, avg_time_alive=10.0s
Epoch 0, Iteration 280/400, Loss: 1.0900 | Elapsed: 2677.6s, Per-iter: 9.529s, Remaining: 1133.9s, Total: 3811.5s
Evaluation avg_score=2.5, avg_time_alive=10.3s
Epoch 0, Iteration 290/400, Loss: 1.0819 | Elapsed: 2774.4s, Per-iter: 9.534s, Remaining: 1039.2s, Total: 3813.6s
Evaluation avg_score=2.5, avg_time_alive=10.7s
Epoch 0, Iteration 300/400, Loss: 1.0772 | Elapsed: 2871.3s, Per-iter: 9.539s, Remaining: 944.4s, Total: 3815.7s
Evaluation avg_score=2.1, avg_time_alive=9.6s
Epoch 1, Iteration 310/400, Loss: 1.0734 | Elapsed: 2953.6s, Per-iter: 9.497s, Remaining: 845.2s, Total: 3798.8s
Evaluation avg_score=1.7, avg_time_alive=7.5s
Epoch 1, Iteration 320/400, Loss: 1.0664 | Elapsed: 3050.4s, Per-iter: 9.503s, Remaining: 750.7s, Total: 3801.1s
Evaluation avg_score=2.4, avg_time_alive=10.5s
Epoch 1, Iteration 330/400, Loss: 1.0639 | Elapsed: 3143.2s, Per-iter: 9.496s, Remaining: 655.2s, Total: 3798.4s
Evaluation avg_score=2.5, avg_time_alive=11.1s
Epoch 1, Iteration 340/400, Loss: 1.0613 | Elapsed: 3235.5s, Per-iter: 9.488s, Remaining: 559.8s, Total: 3795.3s
Evaluation avg_score=1.9, avg_time_alive=7.8s
Epoch 1, Iteration 350/400, Loss: 1.0603 | Elapsed: 3331.9s, Per-iter: 9.493s, Remaining: 465.1s, Total: 3797.0s
Evaluation avg_score=2.1, avg_time_alive=8.3s
Epoch 1, Iteration 360/400, Loss: 1.0582 | Elapsed: 3428.1s, Per-iter: 9.496s, Remaining: 370.3s, Total: 3798.4s
Evaluation avg_score=2.1, avg_time_alive=9.2s
Epoch 1, Iteration 370/400, Loss: 1.0560 | Elapsed: 3524.5s, Per-iter: 9.500s, Remaining: 275.5s, Total: 3800.0s
Evaluation avg_score=1.9, avg_time_alive=8.5s
Epoch 1, Iteration 380/400, Loss: 1.0531 | Elapsed: 3616.9s, Per-iter: 9.493s, Remaining: 180.4s, Total: 3797.3s
Evaluation avg_score=2.2, avg_time_alive=9.2s
Epoch 1, Iteration 390/400, Loss: 1.0465 | Elapsed: 3713.3s, Per-iter: 9.497s, Remaining: 85.5s, Total: 3798.7s
Training completed successfully, Elapsed: 3801.3s, Per-iter: 9.480s
